Arguments: 
  E:\nodejs\node.exe C:\Users\Administrator\AppData\Roaming\npm\node_modules\yarn\bin\yarn.js add react-app-rewired

PATH: 
  D:\android-sdk-windows\tools;E:\Java\jdk1.8.0_181\bin;D:\android-sdk-windows\platform-tools;D:\adt-bundle-windows-x86_64-20140702\eclipse\plugins\org.apache.ant_1.8.3.v201301120609\bin;C:\Windows\System32;E:\nodejs\;E:\nvm\nvm;E:\nvm\nodejs;E:\Microsoft VS Code\bin;C:\Users\Administrator\AppData\Roaming\npm;C:\Windows\System32;D:\adt-bundle-windows-x86_64-20140702\sdk;D:\android-sdk-windows\platform-tools;D:\android-sdk-windows\tools

Yarn version: 
  1.7.0

Node version: 
  8.11.4

Platform: 
  win32 x64

Trace: 
  Error: connect ETIMEDOUT 47.74.196.107:443
      at Object._errnoException (util.js:992:11)
      at _exceptionWithHostPort (util.js:1014:20)
      at TCPConnectWrap.afterConnect [as oncomplete] (net.js:1186:14)

npm manifest: 
  {
    "name": "highdata",
    "version": "0.1.0",
    "private": true,
    "scripts": {
      "start": "react-scripts start",
      "build": "webpack",
      "test": "react-scripts test --env=jsdom",
      "eject": "react-scripts eject"
    },
    "devDependencies": {
      "antd": "^3.8.0",
      "history": "^4.7.2",
      "jqcloud2": "^2.0.3",
      "jquery": "^3.3.1",
      "react": "^16.4.2",
      "react-dom": "^16.4.2",
      "react-router": "^4.3.1",
      "react-router-dom": "^4.3.1",
      "react-scripts": "1.1.4",
      "babel-core": "^6.26.3",
      "babel-loader": "^8.0.4",
      "babel-preset-env": "^1.7.0",
      "babel-preset-es2015": "^6.24.1",
      "babel-preset-react": "^6.24.1",
      "babel-preset-stage-1": "^6.24.1",
      "css-loader": "^0.15.0",
      "extract-loader": "^3.0.0",
      "file-loader": "^2.0.0",
      "html-loader": "^0.5.5",
      "jsx-loader": "^0.12.2",
      "react-hot-loader": "^1.1.1",
      "style-loader": "^0.12.4",
      "webpack": "^4.20.2",
      "webpack-dev-server": "^3.1.9"
    }
  }

yarn manifest: 
  No manifest

Lockfile: 
  No lockfile
